<?xml version="1.0" encoding="UTF-8"?>
<testng-results skipped="0" failed="0" ignored="0" total="0" passed="0">
  <reporter-output>
  </reporter-output>
  <suite name="Test.SaidTest" duration-ms="3" started-at="2020-01-25T16:20:04Z" finished-at="2020-01-25T16:20:04Z">
    <groups>
    </groups>
    <test name="Command line test" duration-ms="3" started-at="2020-01-25T16:20:04Z" finished-at="2020-01-25T16:20:04Z">
    </test> <!-- Command line test -->
  </suite> <!-- Test.SaidTest -->
</testng-results>
